<?xml version="1.0" encoding="UTF-8"?>
<testsuite name="Create a new user on the page utest.com" tests="1" skipped="0" failures="0" errors="0" timestamp="2022-03-12T04:06:06" hostname="CHMEPC279RF3" time="45.727">
  <properties/>
  <testcase name="Verify successful registration" classname="Create a new user on the page utest.com" time="45.727"/>
  <system-out><![CDATA[]]></system-out>
  <system-err><![CDATA[[Test worker] WARN net.thucydides.core.steps.BaseStepListener - stepStarted: net.thucydides.core.steps.ExecutedStepDescription@5181c1f4
[Test worker] WARN net.thucydides.core.steps.BaseStepListener - stepStarted: net.thucydides.core.steps.ExecutedStepDescription@3c2b9110
[Test worker] WARN net.thucydides.core.steps.BaseStepListener - stepStarted: net.thucydides.core.steps.ExecutedStepDescription@77f3f264
mar 11, 2022 11:06:06 PM org.openqa.selenium.remote.DesiredCapabilities chrome
INFORMACIÓN: Using `new ChromeOptions()` is preferred to `DesiredCapabilities.chrome()`
[Test worker] INFO net.serenitybdd.core.webdriver.driverproviders.ProvideNewDriver - Instantiating driver
[Test worker] INFO net.serenitybdd.core.webdriver.driverproviders.ProvideNewDriver - Driver capabilities: Capabilities {acceptInsecureCerts: false, browserName: chrome, chrome.switches: --start-maximized, goog:chromeOptions: {args: [--start-maximized], extensions: []}, loggingPrefs: org.openqa.selenium.logging..., platform: ANY, version: }
Starting ChromeDriver 98.0.4758.80 (7f0488e8ba0d8e019187c6325a16c29d9b7f4989-refs/branch-heads/4758@{#972}) on port 15168
Only local connections are allowed.
Please see https://chromedriver.chromium.org/security-considerations for suggestions on keeping ChromeDriver safe.
ChromeDriver was started successfully.
[1647057968.798][WARNING]: This version of ChromeDriver has not been tested with Chrome version 99.
mar 11, 2022 11:06:08 PM org.openqa.selenium.remote.ProtocolHandshake createSession
INFORMACIÓN: Detected dialect: W3C
[Test worker] WARN net.thucydides.core.steps.BaseStepListener - stepFinished: current outcome:Verify successful registration:Given User wants to register Utest page [Herika open utest [Herika opens the Utest page]]
[Test worker] WARN net.thucydides.core.steps.BaseStepListener - stepFinished: current outcome:Verify successful registration:Given User wants to register Utest page [Herika open utest [Herika opens the Utest page]]
[Test worker] WARN net.thucydides.core.steps.BaseStepListener - stepFinished: current outcome:Verify successful registration:Given User wants to register Utest page [Herika open utest [Herika opens the Utest page]]
[Test worker] WARN net.thucydides.core.steps.BaseStepListener - stepStarted: net.thucydides.core.steps.ExecutedStepDescription@f247181
[Test worker] WARN net.thucydides.core.steps.BaseStepListener - stepStarted: net.thucydides.core.steps.ExecutedStepDescription@7eba6a1c
[Test worker] WARN net.thucydides.core.steps.BaseStepListener - stepStarted: net.thucydides.core.steps.ExecutedStepDescription@67b8aa39
[Test worker] WARN net.thucydides.core.steps.BaseStepListener - stepFinished: current outcome:Verify successful registration:Given User wants to register Utest page [Herika open utest [Herika opens the Utest page]], When User clicks Join Today button [Herika button join [Herika clicks on Click on the JoinToday button]]
[Test worker] WARN net.thucydides.core.steps.BaseStepListener - stepFinished: current outcome:Verify successful registration:Given User wants to register Utest page [Herika open utest [Herika opens the Utest page]], When User clicks Join Today button [Herika button join [Herika clicks on Click on the JoinToday button]]
[Test worker] WARN net.thucydides.core.steps.BaseStepListener - stepFinished: current outcome:Verify successful registration:Given User wants to register Utest page [Herika open utest [Herika opens the Utest page]], When User clicks Join Today button [Herika button join [Herika clicks on Click on the JoinToday button]]
[Test worker] WARN net.thucydides.core.steps.BaseStepListener - stepStarted: net.thucydides.core.steps.ExecutedStepDescription@b5f7f82
[Test worker] WARN net.thucydides.core.steps.BaseStepListener - stepStarted: net.thucydides.core.steps.ExecutedStepDescription@2a508abf
[Test worker] WARN net.thucydides.core.steps.BaseStepListener - stepStarted: net.thucydides.core.steps.ExecutedStepDescription@5b292867
[Test worker] WARN net.thucydides.core.steps.BaseStepListener - stepFinished: current outcome:Verify successful registration:Given User wants to register Utest page [Herika open utest [Herika opens the Utest page]], When User clicks Join Today button [Herika button join [Herika clicks on Click on the JoinToday button]], And User fills in form to create a user
| strFirstName | strLastName | strEmail | strLanguages | strCity | strPostalCode | strCreatePassword | strConfirmPassword |
| Tatiana | Pescador | tatiana.122@gmail.com | Spanish | Medellin | 179022 | Estranged*1031 | Estranged*1031 | [Herika fill form you [Herika clicks on Click on the name field]]
[Test worker] WARN net.thucydides.core.steps.BaseStepListener - stepStarted: net.thucydides.core.steps.ExecutedStepDescription@50f3acc2
[Test worker] WARN net.thucydides.core.steps.BaseStepListener - stepFinished: current outcome:Verify successful registration:Given User wants to register Utest page [Herika open utest [Herika opens the Utest page]], When User clicks Join Today button [Herika button join [Herika clicks on Click on the JoinToday button]], And User fills in form to create a user
| strFirstName | strLastName | strEmail | strLanguages | strCity | strPostalCode | strCreatePassword | strConfirmPassword |
| Tatiana | Pescador | tatiana.122@gmail.com | Spanish | Medellin | 179022 | Estranged*1031 | Estranged*1031 | [Herika fill form you [Herika clicks on Click on the name field, Herika enters 'Tatiana' into Enter the name]]
[Test worker] WARN net.thucydides.core.steps.BaseStepListener - stepStarted: net.thucydides.core.steps.ExecutedStepDescription@4d521ca6
[Test worker] WARN net.thucydides.core.steps.BaseStepListener - stepFinished: current outcome:Verify successful registration:Given User wants to register Utest page [Herika open utest [Herika opens the Utest page]], When User clicks Join Today button [Herika button join [Herika clicks on Click on the JoinToday button]], And User fills in form to create a user
| strFirstName | strLastName | strEmail | strLanguages | strCity | strPostalCode | strCreatePassword | strConfirmPassword |
| Tatiana | Pescador | tatiana.122@gmail.com | Spanish | Medellin | 179022 | Estranged*1031 | Estranged*1031 | [Herika fill form you [Herika clicks on Click on the name field, Herika enters 'Tatiana' into Enter the name, Herika clicks on Click on the lastname field]]
[Test worker] WARN net.thucydides.core.steps.BaseStepListener - stepStarted: net.thucydides.core.steps.ExecutedStepDescription@2dddd0c8
[Test worker] WARN net.thucydides.core.steps.BaseStepListener - stepFinished: current outcome:Verify successful registration:Given User wants to register Utest page [Herika open utest [Herika opens the Utest page]], When User clicks Join Today button [Herika button join [Herika clicks on Click on the JoinToday button]], And User fills in form to create a user
| strFirstName | strLastName | strEmail | strLanguages | strCity | strPostalCode | strCreatePassword | strConfirmPassword |
| Tatiana | Pescador | tatiana.122@gmail.com | Spanish | Medellin | 179022 | Estranged*1031 | Estranged*1031 | [Herika fill form you [Herika clicks on Click on the name field, Herika enters 'Tatiana' into Enter the name, Herika clicks on Click on the lastname field, Herika enters 'Pescador' into Enter the lastname]]
[Test worker] WARN net.thucydides.core.steps.BaseStepListener - stepStarted: net.thucydides.core.steps.ExecutedStepDescription@66550c64
[Test worker] WARN net.thucydides.core.steps.BaseStepListener - stepFinished: current outcome:Verify successful registration:Given User wants to register Utest page [Herika open utest [Herika opens the Utest page]], When User clicks Join Today button [Herika button join [Herika clicks on Click on the JoinToday button]], And User fills in form to create a user
| strFirstName | strLastName | strEmail | strLanguages | strCity | strPostalCode | strCreatePassword | strConfirmPassword |
| Tatiana | Pescador | tatiana.122@gmail.com | Spanish | Medellin | 179022 | Estranged*1031 | Estranged*1031 | [Herika fill form you [Herika clicks on Click on the name field, Herika enters 'Tatiana' into Enter the name, Herika clicks on Click on the lastname field, Herika enters 'Pescador' into Enter the lastname, Herika clicks on Click on the email field]]
[Test worker] WARN net.thucydides.core.steps.BaseStepListener - stepStarted: net.thucydides.core.steps.ExecutedStepDescription@6031cd0b
[Test worker] WARN net.thucydides.core.steps.BaseStepListener - stepFinished: current outcome:Verify successful registration:Given User wants to register Utest page [Herika open utest [Herika opens the Utest page]], When User clicks Join Today button [Herika button join [Herika clicks on Click on the JoinToday button]], And User fills in form to create a user
| strFirstName | strLastName | strEmail | strLanguages | strCity | strPostalCode | strCreatePassword | strConfirmPassword |
| Tatiana | Pescador | tatiana.122@gmail.com | Spanish | Medellin | 179022 | Estranged*1031 | Estranged*1031 | [Herika fill form you [Herika clicks on Click on the name field, Herika enters 'Tatiana' into Enter the name, Herika clicks on Click on the lastname field, Herika enters 'Pescador' into Enter the lastname, Herika clicks on Click on the email field, Herika enters 'tatiana.122@gmail.com' into Enter the email]]
[Test worker] WARN net.thucydides.core.steps.BaseStepListener - stepStarted: net.thucydides.core.steps.ExecutedStepDescription@50f4efaf
[Test worker] WARN net.thucydides.core.steps.BaseStepListener - stepFinished: current outcome:Verify successful registration:Given User wants to register Utest page [Herika open utest [Herika opens the Utest page]], When User clicks Join Today button [Herika button join [Herika clicks on Click on the JoinToday button]], And User fills in form to create a user
| strFirstName | strLastName | strEmail | strLanguages | strCity | strPostalCode | strCreatePassword | strConfirmPassword |
| Tatiana | Pescador | tatiana.122@gmail.com | Spanish | Medellin | 179022 | Estranged*1031 | Estranged*1031 | [Herika fill form you [Herika clicks on Click on the name field, Herika enters 'Tatiana' into Enter the name, Herika clicks on Click on the lastname field, Herika enters 'Pescador' into Enter the lastname, Herika clicks on Click on the email field, Herika enters 'tatiana.122@gmail.com' into Enter the email, Herika clicks on Click on the month field]]
[Test worker] WARN net.thucydides.core.steps.BaseStepListener - stepStarted: net.thucydides.core.steps.ExecutedStepDescription@30985ae2
[Test worker] WARN net.thucydides.core.steps.BaseStepListener - stepFinished: current outcome:Verify successful registration:Given User wants to register Utest page [Herika open utest [Herika opens the Utest page]], When User clicks Join Today button [Herika button join [Herika clicks on Click on the JoinToday button]], And User fills in form to create a user
| strFirstName | strLastName | strEmail | strLanguages | strCity | strPostalCode | strCreatePassword | strConfirmPassword |
| Tatiana | Pescador | tatiana.122@gmail.com | Spanish | Medellin | 179022 | Estranged*1031 | Estranged*1031 | [Herika fill form you [Herika clicks on Click on the name field, Herika enters 'Tatiana' into Enter the name, Herika clicks on Click on the lastname field, Herika enters 'Pescador' into Enter the lastname, Herika clicks on Click on the email field, Herika enters 'tatiana.122@gmail.com' into Enter the email, Herika clicks on Click on the month field, Herika clicks on Select the month]]
[Test worker] WARN net.thucydides.core.steps.BaseStepListener - stepStarted: net.thucydides.core.steps.ExecutedStepDescription@42c42ed
[Test worker] WARN net.thucydides.core.steps.BaseStepListener - stepFinished: current outcome:Verify successful registration:Given User wants to register Utest page [Herika open utest [Herika opens the Utest page]], When User clicks Join Today button [Herika button join [Herika clicks on Click on the JoinToday button]], And User fills in form to create a user
| strFirstName | strLastName | strEmail | strLanguages | strCity | strPostalCode | strCreatePassword | strConfirmPassword |
| Tatiana | Pescador | tatiana.122@gmail.com | Spanish | Medellin | 179022 | Estranged*1031 | Estranged*1031 | [Herika fill form you [Herika clicks on Click on the name field, Herika enters 'Tatiana' into Enter the name, Herika clicks on Click on the lastname field, Herika enters 'Pescador' into Enter the lastname, Herika clicks on Click on the email field, Herika enters 'tatiana.122@gmail.com' into Enter the email, Herika clicks on Click on the month field, Herika clicks on Select the month, Herika clicks on Click on the day field]]
[Test worker] WARN net.thucydides.core.steps.BaseStepListener - stepStarted: net.thucydides.core.steps.ExecutedStepDescription@7e4a9e8
[Test worker] WARN net.thucydides.core.steps.BaseStepListener - stepFinished: current outcome:Verify successful registration:Given User wants to register Utest page [Herika open utest [Herika opens the Utest page]], When User clicks Join Today button [Herika button join [Herika clicks on Click on the JoinToday button]], And User fills in form to create a user
| strFirstName | strLastName | strEmail | strLanguages | strCity | strPostalCode | strCreatePassword | strConfirmPassword |
| Tatiana | Pescador | tatiana.122@gmail.com | Spanish | Medellin | 179022 | Estranged*1031 | Estranged*1031 | [Herika fill form you [Herika clicks on Click on the name field, Herika enters 'Tatiana' into Enter the name, Herika clicks on Click on the lastname field, Herika enters 'Pescador' into Enter the lastname, Herika clicks on Click on the email field, Herika enters 'tatiana.122@gmail.com' into Enter the email, Herika clicks on Click on the month field, Herika clicks on Select the month, Herika clicks on Click on the day field, Herika clicks on Select the day]]
[Test worker] WARN net.thucydides.core.steps.BaseStepListener - stepStarted: net.thucydides.core.steps.ExecutedStepDescription@1ab668b
[Test worker] WARN net.thucydides.core.steps.BaseStepListener - stepFinished: current outcome:Verify successful registration:Given User wants to register Utest page [Herika open utest [Herika opens the Utest page]], When User clicks Join Today button [Herika button join [Herika clicks on Click on the JoinToday button]], And User fills in form to create a user
| strFirstName | strLastName | strEmail | strLanguages | strCity | strPostalCode | strCreatePassword | strConfirmPassword |
| Tatiana | Pescador | tatiana.122@gmail.com | Spanish | Medellin | 179022 | Estranged*1031 | Estranged*1031 | [Herika fill form you [Herika clicks on Click on the name field, Herika enters 'Tatiana' into Enter the name, Herika clicks on Click on the lastname field, Herika enters 'Pescador' into Enter the lastname, Herika clicks on Click on the email field, Herika enters 'tatiana.122@gmail.com' into Enter the email, Herika clicks on Click on the month field, Herika clicks on Select the month, Herika clicks on Click on the day field, Herika clicks on Select the day, Herika clicks on Click on the year field]]
[Test worker] WARN net.thucydides.core.steps.BaseStepListener - stepStarted: net.thucydides.core.steps.ExecutedStepDescription@5624e733
[Test worker] WARN net.thucydides.core.steps.BaseStepListener - stepFinished: current outcome:Verify successful registration:Given User wants to register Utest page [Herika open utest [Herika opens the Utest page]], When User clicks Join Today button [Herika button join [Herika clicks on Click on the JoinToday button]], And User fills in form to create a user
| strFirstName | strLastName | strEmail | strLanguages | strCity | strPostalCode | strCreatePassword | strConfirmPassword |
| Tatiana | Pescador | tatiana.122@gmail.com | Spanish | Medellin | 179022 | Estranged*1031 | Estranged*1031 | [Herika fill form you [Herika clicks on Click on the name field, Herika enters 'Tatiana' into Enter the name, Herika clicks on Click on the lastname field, Herika enters 'Pescador' into Enter the lastname, Herika clicks on Click on the email field, Herika enters 'tatiana.122@gmail.com' into Enter the email, Herika clicks on Click on the month field, Herika clicks on Select the month, Herika clicks on Click on the day field, Herika clicks on Select the day, Herika clicks on Click on the year field, Herika clicks on Select the year]]
[Test worker] WARN net.thucydides.core.steps.BaseStepListener - stepStarted: net.thucydides.core.steps.ExecutedStepDescription@20f1c407
[Test worker] WARN net.thucydides.core.steps.BaseStepListener - stepFinished: current outcome:Verify successful registration:Given User wants to register Utest page [Herika open utest [Herika opens the Utest page]], When User clicks Join Today button [Herika button join [Herika clicks on Click on the JoinToday button]], And User fills in form to create a user
| strFirstName | strLastName | strEmail | strLanguages | strCity | strPostalCode | strCreatePassword | strConfirmPassword |
| Tatiana | Pescador | tatiana.122@gmail.com | Spanish | Medellin | 179022 | Estranged*1031 | Estranged*1031 | [Herika fill form you [Herika clicks on Click on the name field, Herika enters 'Tatiana' into Enter the name, Herika clicks on Click on the lastname field, Herika enters 'Pescador' into Enter the lastname, Herika clicks on Click on the email field, Herika enters 'tatiana.122@gmail.com' into Enter the email, Herika clicks on Click on the month field, Herika clicks on Select the month, Herika clicks on Click on the day field, Herika clicks on Select the day, Herika clicks on Click on the year field, Herika clicks on Select the year, Herika clicks on Click on select language]]
[Test worker] WARN net.thucydides.core.steps.BaseStepListener - stepStarted: net.thucydides.core.steps.ExecutedStepDescription@e8b4533
[Test worker] WARN net.thucydides.core.steps.BaseStepListener - stepFinished: current outcome:Verify successful registration:Given User wants to register Utest page [Herika open utest [Herika opens the Utest page]], When User clicks Join Today button [Herika button join [Herika clicks on Click on the JoinToday button]], And User fills in form to create a user
| strFirstName | strLastName | strEmail | strLanguages | strCity | strPostalCode | strCreatePassword | strConfirmPassword |
| Tatiana | Pescador | tatiana.122@gmail.com | Spanish | Medellin | 179022 | Estranged*1031 | Estranged*1031 | [Herika fill form you [Herika clicks on Click on the name field, Herika enters 'Tatiana' into Enter the name, Herika clicks on Click on the lastname field, Herika enters 'Pescador' into Enter the lastname, Herika clicks on Click on the email field, Herika enters 'tatiana.122@gmail.com' into Enter the email, Herika clicks on Click on the month field, Herika clicks on Select the month, Herika clicks on Click on the day field, Herika clicks on Select the day, Herika clicks on Click on the year field, Herika clicks on Select the year, Herika clicks on Click on select language, Herika enters 'Spanish' into Select a language]]
[Test worker] WARN net.thucydides.core.steps.BaseStepListener - stepStarted: net.thucydides.core.steps.ExecutedStepDescription@14734000
[Test worker] WARN net.thucydides.core.steps.BaseStepListener - stepFinished: current outcome:Verify successful registration:Given User wants to register Utest page [Herika open utest [Herika opens the Utest page]], When User clicks Join Today button [Herika button join [Herika clicks on Click on the JoinToday button]], And User fills in form to create a user
| strFirstName | strLastName | strEmail | strLanguages | strCity | strPostalCode | strCreatePassword | strConfirmPassword |
| Tatiana | Pescador | tatiana.122@gmail.com | Spanish | Medellin | 179022 | Estranged*1031 | Estranged*1031 | [Herika fill form you [Herika clicks on Click on the name field, Herika enters 'Tatiana' into Enter the name, Herika clicks on Click on the lastname field, Herika enters 'Pescador' into Enter the lastname, Herika clicks on Click on the email field, Herika enters 'tatiana.122@gmail.com' into Enter the email, Herika clicks on Click on the month field, Herika clicks on Select the month, Herika clicks on Click on the day field, Herika clicks on Select the day, Herika clicks on Click on the year field, Herika clicks on Select the year, Herika clicks on Click on select language, Herika enters 'Spanish' into Select a language, Herika clicks on Click on button Next Location]]
[Test worker] WARN net.thucydides.core.steps.BaseStepListener - stepFinished: current outcome:Verify successful registration:Given User wants to register Utest page [Herika open utest [Herika opens the Utest page]], When User clicks Join Today button [Herika button join [Herika clicks on Click on the JoinToday button]], And User fills in form to create a user
| strFirstName | strLastName | strEmail | strLanguages | strCity | strPostalCode | strCreatePassword | strConfirmPassword |
| Tatiana | Pescador | tatiana.122@gmail.com | Spanish | Medellin | 179022 | Estranged*1031 | Estranged*1031 | [Herika fill form you [Herika clicks on Click on the name field, Herika enters 'Tatiana' into Enter the name, Herika clicks on Click on the lastname field, Herika enters 'Pescador' into Enter the lastname, Herika clicks on Click on the email field, Herika enters 'tatiana.122@gmail.com' into Enter the email, Herika clicks on Click on the month field, Herika clicks on Select the month, Herika clicks on Click on the day field, Herika clicks on Select the day, Herika clicks on Click on the year field, Herika clicks on Select the year, Herika clicks on Click on select language, Herika enters 'Spanish' into Select a language, Herika clicks on Click on button Next Location]]
[Test worker] WARN net.thucydides.core.steps.BaseStepListener - stepStarted: net.thucydides.core.steps.ExecutedStepDescription@1a69404c
[Test worker] WARN net.thucydides.core.steps.BaseStepListener - stepStarted: net.thucydides.core.steps.ExecutedStepDescription@125bbdec
[Test worker] WARN net.thucydides.core.steps.BaseStepListener - stepFinished: current outcome:Verify successful registration:Given User wants to register Utest page [Herika open utest [Herika opens the Utest page]], When User clicks Join Today button [Herika button join [Herika clicks on Click on the JoinToday button]], And User fills in form to create a user
| strFirstName | strLastName | strEmail | strLanguages | strCity | strPostalCode | strCreatePassword | strConfirmPassword |
| Tatiana | Pescador | tatiana.122@gmail.com | Spanish | Medellin | 179022 | Estranged*1031 | Estranged*1031 | [Herika fill form you [Herika clicks on Click on the name field, Herika enters 'Tatiana' into Enter the name, Herika clicks on Click on the lastname field, Herika enters 'Pescador' into Enter the lastname, Herika clicks on Click on the email field, Herika enters 'tatiana.122@gmail.com' into Enter the email, Herika clicks on Click on the month field, Herika clicks on Select the month, Herika clicks on Click on the day field, Herika clicks on Select the day, Herika clicks on Click on the year field, Herika clicks on Select the year, Herika clicks on Click on select language, Herika enters 'Spanish' into Select a language, Herika clicks on Click on button Next Location], Herika fill address form [Herika clicks on Click on the city field]]
[Test worker] WARN net.thucydides.core.steps.BaseStepListener - stepStarted: net.thucydides.core.steps.ExecutedStepDescription@305b89bd
[Test worker] WARN net.thucydides.core.steps.BaseStepListener - stepFinished: current outcome:Verify successful registration:Given User wants to register Utest page [Herika open utest [Herika opens the Utest page]], When User clicks Join Today button [Herika button join [Herika clicks on Click on the JoinToday button]], And User fills in form to create a user
| strFirstName | strLastName | strEmail | strLanguages | strCity | strPostalCode | strCreatePassword | strConfirmPassword |
| Tatiana | Pescador | tatiana.122@gmail.com | Spanish | Medellin | 179022 | Estranged*1031 | Estranged*1031 | [Herika fill form you [Herika clicks on Click on the name field, Herika enters 'Tatiana' into Enter the name, Herika clicks on Click on the lastname field, Herika enters 'Pescador' into Enter the lastname, Herika clicks on Click on the email field, Herika enters 'tatiana.122@gmail.com' into Enter the email, Herika clicks on Click on the month field, Herika clicks on Select the month, Herika clicks on Click on the day field, Herika clicks on Select the day, Herika clicks on Click on the year field, Herika clicks on Select the year, Herika clicks on Click on select language, Herika enters 'Spanish' into Select a language, Herika clicks on Click on button Next Location], Herika fill address form [Herika clicks on Click on the city field, Herika types 'CLEAR' in Write the name of the city]]
[Test worker] WARN net.thucydides.core.steps.BaseStepListener - stepStarted: net.thucydides.core.steps.ExecutedStepDescription@5867a524
[Test worker] WARN net.thucydides.core.steps.BaseStepListener - stepFinished: current outcome:Verify successful registration:Given User wants to register Utest page [Herika open utest [Herika opens the Utest page]], When User clicks Join Today button [Herika button join [Herika clicks on Click on the JoinToday button]], And User fills in form to create a user
| strFirstName | strLastName | strEmail | strLanguages | strCity | strPostalCode | strCreatePassword | strConfirmPassword |
| Tatiana | Pescador | tatiana.122@gmail.com | Spanish | Medellin | 179022 | Estranged*1031 | Estranged*1031 | [Herika fill form you [Herika clicks on Click on the name field, Herika enters 'Tatiana' into Enter the name, Herika clicks on Click on the lastname field, Herika enters 'Pescador' into Enter the lastname, Herika clicks on Click on the email field, Herika enters 'tatiana.122@gmail.com' into Enter the email, Herika clicks on Click on the month field, Herika clicks on Select the month, Herika clicks on Click on the day field, Herika clicks on Select the day, Herika clicks on Click on the year field, Herika clicks on Select the year, Herika clicks on Click on select language, Herika enters 'Spanish' into Select a language, Herika clicks on Click on button Next Location], Herika fill address form [Herika clicks on Click on the city field, Herika types 'CLEAR' in Write the name of the city, Herika enters 'Medellin' into Write the name of the city]]
[Test worker] WARN net.thucydides.core.steps.BaseStepListener - stepStarted: net.thucydides.core.steps.ExecutedStepDescription@1516ac38
[Test worker] WARN net.thucydides.core.steps.BaseStepListener - stepFinished: current outcome:Verify successful registration:Given User wants to register Utest page [Herika open utest [Herika opens the Utest page]], When User clicks Join Today button [Herika button join [Herika clicks on Click on the JoinToday button]], And User fills in form to create a user
| strFirstName | strLastName | strEmail | strLanguages | strCity | strPostalCode | strCreatePassword | strConfirmPassword |
| Tatiana | Pescador | tatiana.122@gmail.com | Spanish | Medellin | 179022 | Estranged*1031 | Estranged*1031 | [Herika fill form you [Herika clicks on Click on the name field, Herika enters 'Tatiana' into Enter the name, Herika clicks on Click on the lastname field, Herika enters 'Pescador' into Enter the lastname, Herika clicks on Click on the email field, Herika enters 'tatiana.122@gmail.com' into Enter the email, Herika clicks on Click on the month field, Herika clicks on Select the month, Herika clicks on Click on the day field, Herika clicks on Select the day, Herika clicks on Click on the year field, Herika clicks on Select the year, Herika clicks on Click on select language, Herika enters 'Spanish' into Select a language, Herika clicks on Click on button Next Location], Herika fill address form [Herika clicks on Click on the city field, Herika types 'CLEAR' in Write the name of the city, Herika enters 'Medellin' into Write the name of the city, Herika types 'ARROW_DOWN' in Write the name of the city]]
[Test worker] WARN net.thucydides.core.steps.BaseStepListener - stepStarted: net.thucydides.core.steps.ExecutedStepDescription@55d6f5e7
[Test worker] WARN net.thucydides.core.steps.BaseStepListener - stepFinished: current outcome:Verify successful registration:Given User wants to register Utest page [Herika open utest [Herika opens the Utest page]], When User clicks Join Today button [Herika button join [Herika clicks on Click on the JoinToday button]], And User fills in form to create a user
| strFirstName | strLastName | strEmail | strLanguages | strCity | strPostalCode | strCreatePassword | strConfirmPassword |
| Tatiana | Pescador | tatiana.122@gmail.com | Spanish | Medellin | 179022 | Estranged*1031 | Estranged*1031 | [Herika fill form you [Herika clicks on Click on the name field, Herika enters 'Tatiana' into Enter the name, Herika clicks on Click on the lastname field, Herika enters 'Pescador' into Enter the lastname, Herika clicks on Click on the email field, Herika enters 'tatiana.122@gmail.com' into Enter the email, Herika clicks on Click on the month field, Herika clicks on Select the month, Herika clicks on Click on the day field, Herika clicks on Select the day, Herika clicks on Click on the year field, Herika clicks on Select the year, Herika clicks on Click on select language, Herika enters 'Spanish' into Select a language, Herika clicks on Click on button Next Location], Herika fill address form [Herika clicks on Click on the city field, Herika types 'CLEAR' in Write the name of the city, Herika enters 'Medellin' into Write the name of the city, Herika types 'ARROW_DOWN' in Write the name of the city, Herika types 'ENTER' in Write the name of the city]]
[Test worker] WARN net.thucydides.core.steps.BaseStepListener - stepStarted: net.thucydides.core.steps.ExecutedStepDescription@7c062404
[Test worker] WARN net.thucydides.core.steps.BaseStepListener - stepFinished: current outcome:Verify successful registration:Given User wants to register Utest page [Herika open utest [Herika opens the Utest page]], When User clicks Join Today button [Herika button join [Herika clicks on Click on the JoinToday button]], And User fills in form to create a user
| strFirstName | strLastName | strEmail | strLanguages | strCity | strPostalCode | strCreatePassword | strConfirmPassword |
| Tatiana | Pescador | tatiana.122@gmail.com | Spanish | Medellin | 179022 | Estranged*1031 | Estranged*1031 | [Herika fill form you [Herika clicks on Click on the name field, Herika enters 'Tatiana' into Enter the name, Herika clicks on Click on the lastname field, Herika enters 'Pescador' into Enter the lastname, Herika clicks on Click on the email field, Herika enters 'tatiana.122@gmail.com' into Enter the email, Herika clicks on Click on the month field, Herika clicks on Select the month, Herika clicks on Click on the day field, Herika clicks on Select the day, Herika clicks on Click on the year field, Herika clicks on Select the year, Herika clicks on Click on select language, Herika enters 'Spanish' into Select a language, Herika clicks on Click on button Next Location], Herika fill address form [Herika clicks on Click on the city field, Herika types 'CLEAR' in Write the name of the city, Herika enters 'Medellin' into Write the name of the city, Herika types 'ARROW_DOWN' in Write the name of the city, Herika types 'ENTER' in Write the name of the city, Herika clicks on Clickc on the zip code field]]
[Test worker] WARN net.thucydides.core.steps.BaseStepListener - stepStarted: net.thucydides.core.steps.ExecutedStepDescription@2cf534cf
[Test worker] WARN net.thucydides.core.steps.BaseStepListener - stepFinished: current outcome:Verify successful registration:Given User wants to register Utest page [Herika open utest [Herika opens the Utest page]], When User clicks Join Today button [Herika button join [Herika clicks on Click on the JoinToday button]], And User fills in form to create a user
| strFirstName | strLastName | strEmail | strLanguages | strCity | strPostalCode | strCreatePassword | strConfirmPassword |
| Tatiana | Pescador | tatiana.122@gmail.com | Spanish | Medellin | 179022 | Estranged*1031 | Estranged*1031 | [Herika fill form you [Herika clicks on Click on the name field, Herika enters 'Tatiana' into Enter the name, Herika clicks on Click on the lastname field, Herika enters 'Pescador' into Enter the lastname, Herika clicks on Click on the email field, Herika enters 'tatiana.122@gmail.com' into Enter the email, Herika clicks on Click on the month field, Herika clicks on Select the month, Herika clicks on Click on the day field, Herika clicks on Select the day, Herika clicks on Click on the year field, Herika clicks on Select the year, Herika clicks on Click on select language, Herika enters 'Spanish' into Select a language, Herika clicks on Click on button Next Location], Herika fill address form [Herika clicks on Click on the city field, Herika types 'CLEAR' in Write the name of the city, Herika enters 'Medellin' into Write the name of the city, Herika types 'ARROW_DOWN' in Write the name of the city, Herika types 'ENTER' in Write the name of the city, Herika clicks on Clickc on the zip code field, Herika enters '179022' into Write the postal number]]
[Test worker] WARN net.thucydides.core.steps.BaseStepListener - stepStarted: net.thucydides.core.steps.ExecutedStepDescription@51372625
[Test worker] WARN net.thucydides.core.steps.BaseStepListener - stepFinished: current outcome:Verify successful registration:Given User wants to register Utest page [Herika open utest [Herika opens the Utest page]], When User clicks Join Today button [Herika button join [Herika clicks on Click on the JoinToday button]], And User fills in form to create a user
| strFirstName | strLastName | strEmail | strLanguages | strCity | strPostalCode | strCreatePassword | strConfirmPassword |
| Tatiana | Pescador | tatiana.122@gmail.com | Spanish | Medellin | 179022 | Estranged*1031 | Estranged*1031 | [Herika fill form you [Herika clicks on Click on the name field, Herika enters 'Tatiana' into Enter the name, Herika clicks on Click on the lastname field, Herika enters 'Pescador' into Enter the lastname, Herika clicks on Click on the email field, Herika enters 'tatiana.122@gmail.com' into Enter the email, Herika clicks on Click on the month field, Herika clicks on Select the month, Herika clicks on Click on the day field, Herika clicks on Select the day, Herika clicks on Click on the year field, Herika clicks on Select the year, Herika clicks on Click on select language, Herika enters 'Spanish' into Select a language, Herika clicks on Click on button Next Location], Herika fill address form [Herika clicks on Click on the city field, Herika types 'CLEAR' in Write the name of the city, Herika enters 'Medellin' into Write the name of the city, Herika types 'ARROW_DOWN' in Write the name of the city, Herika types 'ENTER' in Write the name of the city, Herika clicks on Clickc on the zip code field, Herika enters '179022' into Write the postal number, Herika clicks on Click on the country field]]
[Test worker] WARN net.thucydides.core.steps.BaseStepListener - stepStarted: net.thucydides.core.steps.ExecutedStepDescription@1fcada21
[Test worker] WARN net.thucydides.core.steps.BaseStepListener - stepFinished: current outcome:Verify successful registration:Given User wants to register Utest page [Herika open utest [Herika opens the Utest page]], When User clicks Join Today button [Herika button join [Herika clicks on Click on the JoinToday button]], And User fills in form to create a user
| strFirstName | strLastName | strEmail | strLanguages | strCity | strPostalCode | strCreatePassword | strConfirmPassword |
| Tatiana | Pescador | tatiana.122@gmail.com | Spanish | Medellin | 179022 | Estranged*1031 | Estranged*1031 | [Herika fill form you [Herika clicks on Click on the name field, Herika enters 'Tatiana' into Enter the name, Herika clicks on Click on the lastname field, Herika enters 'Pescador' into Enter the lastname, Herika clicks on Click on the email field, Herika enters 'tatiana.122@gmail.com' into Enter the email, Herika clicks on Click on the month field, Herika clicks on Select the month, Herika clicks on Click on the day field, Herika clicks on Select the day, Herika clicks on Click on the year field, Herika clicks on Select the year, Herika clicks on Click on select language, Herika enters 'Spanish' into Select a language, Herika clicks on Click on button Next Location], Herika fill address form [Herika clicks on Click on the city field, Herika types 'CLEAR' in Write the name of the city, Herika enters 'Medellin' into Write the name of the city, Herika types 'ARROW_DOWN' in Write the name of the city, Herika types 'ENTER' in Write the name of the city, Herika clicks on Clickc on the zip code field, Herika enters '179022' into Write the postal number, Herika clicks on Click on the country field, Herika clicks on Select the country]]
[Test worker] WARN net.thucydides.core.steps.BaseStepListener - stepStarted: net.thucydides.core.steps.ExecutedStepDescription@158b6174
[Test worker] WARN net.thucydides.core.steps.BaseStepListener - stepFinished: current outcome:Verify successful registration:Given User wants to register Utest page [Herika open utest [Herika opens the Utest page]], When User clicks Join Today button [Herika button join [Herika clicks on Click on the JoinToday button]], And User fills in form to create a user
| strFirstName | strLastName | strEmail | strLanguages | strCity | strPostalCode | strCreatePassword | strConfirmPassword |
| Tatiana | Pescador | tatiana.122@gmail.com | Spanish | Medellin | 179022 | Estranged*1031 | Estranged*1031 | [Herika fill form you [Herika clicks on Click on the name field, Herika enters 'Tatiana' into Enter the name, Herika clicks on Click on the lastname field, Herika enters 'Pescador' into Enter the lastname, Herika clicks on Click on the email field, Herika enters 'tatiana.122@gmail.com' into Enter the email, Herika clicks on Click on the month field, Herika clicks on Select the month, Herika clicks on Click on the day field, Herika clicks on Select the day, Herika clicks on Click on the year field, Herika clicks on Select the year, Herika clicks on Click on select language, Herika enters 'Spanish' into Select a language, Herika clicks on Click on button Next Location], Herika fill address form [Herika clicks on Click on the city field, Herika types 'CLEAR' in Write the name of the city, Herika enters 'Medellin' into Write the name of the city, Herika types 'ARROW_DOWN' in Write the name of the city, Herika types 'ENTER' in Write the name of the city, Herika clicks on Clickc on the zip code field, Herika enters '179022' into Write the postal number, Herika clicks on Click on the country field, Herika clicks on Select the country, Herika clicks on Click on the button Next Devices]]
[Test worker] WARN net.thucydides.core.steps.BaseStepListener - stepFinished: current outcome:Verify successful registration:Given User wants to register Utest page [Herika open utest [Herika opens the Utest page]], When User clicks Join Today button [Herika button join [Herika clicks on Click on the JoinToday button]], And User fills in form to create a user
| strFirstName | strLastName | strEmail | strLanguages | strCity | strPostalCode | strCreatePassword | strConfirmPassword |
| Tatiana | Pescador | tatiana.122@gmail.com | Spanish | Medellin | 179022 | Estranged*1031 | Estranged*1031 | [Herika fill form you [Herika clicks on Click on the name field, Herika enters 'Tatiana' into Enter the name, Herika clicks on Click on the lastname field, Herika enters 'Pescador' into Enter the lastname, Herika clicks on Click on the email field, Herika enters 'tatiana.122@gmail.com' into Enter the email, Herika clicks on Click on the month field, Herika clicks on Select the month, Herika clicks on Click on the day field, Herika clicks on Select the day, Herika clicks on Click on the year field, Herika clicks on Select the year, Herika clicks on Click on select language, Herika enters 'Spanish' into Select a language, Herika clicks on Click on button Next Location], Herika fill address form [Herika clicks on Click on the city field, Herika types 'CLEAR' in Write the name of the city, Herika enters 'Medellin' into Write the name of the city, Herika types 'ARROW_DOWN' in Write the name of the city, Herika types 'ENTER' in Write the name of the city, Herika clicks on Clickc on the zip code field, Herika enters '179022' into Write the postal number, Herika clicks on Click on the country field, Herika clicks on Select the country, Herika clicks on Click on the button Next Devices]]
[Test worker] WARN net.thucydides.core.steps.BaseStepListener - stepStarted: net.thucydides.core.steps.ExecutedStepDescription@fdd428a
[Test worker] WARN net.thucydides.core.steps.BaseStepListener - stepStarted: net.thucydides.core.steps.ExecutedStepDescription@37523836
[Test worker] WARN net.thucydides.core.steps.BaseStepListener - stepFinished: current outcome:Verify successful registration:Given User wants to register Utest page [Herika open utest [Herika opens the Utest page]], When User clicks Join Today button [Herika button join [Herika clicks on Click on the JoinToday button]], And User fills in form to create a user
| strFirstName | strLastName | strEmail | strLanguages | strCity | strPostalCode | strCreatePassword | strConfirmPassword |
| Tatiana | Pescador | tatiana.122@gmail.com | Spanish | Medellin | 179022 | Estranged*1031 | Estranged*1031 | [Herika fill form you [Herika clicks on Click on the name field, Herika enters 'Tatiana' into Enter the name, Herika clicks on Click on the lastname field, Herika enters 'Pescador' into Enter the lastname, Herika clicks on Click on the email field, Herika enters 'tatiana.122@gmail.com' into Enter the email, Herika clicks on Click on the month field, Herika clicks on Select the month, Herika clicks on Click on the day field, Herika clicks on Select the day, Herika clicks on Click on the year field, Herika clicks on Select the year, Herika clicks on Click on select language, Herika enters 'Spanish' into Select a language, Herika clicks on Click on button Next Location], Herika fill address form [Herika clicks on Click on the city field, Herika types 'CLEAR' in Write the name of the city, Herika enters 'Medellin' into Write the name of the city, Herika types 'ARROW_DOWN' in Write the name of the city, Herika types 'ENTER' in Write the name of the city, Herika clicks on Clickc on the zip code field, Herika enters '179022' into Write the postal number, Herika clicks on Click on the country field, Herika clicks on Select the country, Herika clicks on Click on the button Next Devices], Herika fill device form [Herika clicks on Click on the your computer field]]
[Test worker] WARN net.thucydides.core.steps.BaseStepListener - stepStarted: net.thucydides.core.steps.ExecutedStepDescription@2dc22232
[Test worker] WARN net.thucydides.core.steps.BaseStepListener - stepFinished: current outcome:Verify successful registration:Given User wants to register Utest page [Herika open utest [Herika opens the Utest page]], When User clicks Join Today button [Herika button join [Herika clicks on Click on the JoinToday button]], And User fills in form to create a user
| strFirstName | strLastName | strEmail | strLanguages | strCity | strPostalCode | strCreatePassword | strConfirmPassword |
| Tatiana | Pescador | tatiana.122@gmail.com | Spanish | Medellin | 179022 | Estranged*1031 | Estranged*1031 | [Herika fill form you [Herika clicks on Click on the name field, Herika enters 'Tatiana' into Enter the name, Herika clicks on Click on the lastname field, Herika enters 'Pescador' into Enter the lastname, Herika clicks on Click on the email field, Herika enters 'tatiana.122@gmail.com' into Enter the email, Herika clicks on Click on the month field, Herika clicks on Select the month, Herika clicks on Click on the day field, Herika clicks on Select the day, Herika clicks on Click on the year field, Herika clicks on Select the year, Herika clicks on Click on select language, Herika enters 'Spanish' into Select a language, Herika clicks on Click on button Next Location], Herika fill address form [Herika clicks on Click on the city field, Herika types 'CLEAR' in Write the name of the city, Herika enters 'Medellin' into Write the name of the city, Herika types 'ARROW_DOWN' in Write the name of the city, Herika types 'ENTER' in Write the name of the city, Herika clicks on Clickc on the zip code field, Herika enters '179022' into Write the postal number, Herika clicks on Click on the country field, Herika clicks on Select the country, Herika clicks on Click on the button Next Devices], Herika fill device form [Herika clicks on Click on the your computer field, Herika clicks on Select computer]]
[Test worker] WARN net.thucydides.core.steps.BaseStepListener - stepStarted: net.thucydides.core.steps.ExecutedStepDescription@2c48f701
[Test worker] WARN net.thucydides.core.steps.BaseStepListener - stepFinished: current outcome:Verify successful registration:Given User wants to register Utest page [Herika open utest [Herika opens the Utest page]], When User clicks Join Today button [Herika button join [Herika clicks on Click on the JoinToday button]], And User fills in form to create a user
| strFirstName | strLastName | strEmail | strLanguages | strCity | strPostalCode | strCreatePassword | strConfirmPassword |
| Tatiana | Pescador | tatiana.122@gmail.com | Spanish | Medellin | 179022 | Estranged*1031 | Estranged*1031 | [Herika fill form you [Herika clicks on Click on the name field, Herika enters 'Tatiana' into Enter the name, Herika clicks on Click on the lastname field, Herika enters 'Pescador' into Enter the lastname, Herika clicks on Click on the email field, Herika enters 'tatiana.122@gmail.com' into Enter the email, Herika clicks on Click on the month field, Herika clicks on Select the month, Herika clicks on Click on the day field, Herika clicks on Select the day, Herika clicks on Click on the year field, Herika clicks on Select the year, Herika clicks on Click on select language, Herika enters 'Spanish' into Select a language, Herika clicks on Click on button Next Location], Herika fill address form [Herika clicks on Click on the city field, Herika types 'CLEAR' in Write the name of the city, Herika enters 'Medellin' into Write the name of the city, Herika types 'ARROW_DOWN' in Write the name of the city, Herika types 'ENTER' in Write the name of the city, Herika clicks on Clickc on the zip code field, Herika enters '179022' into Write the postal number, Herika clicks on Click on the country field, Herika clicks on Select the country, Herika clicks on Click on the button Next Devices], Herika fill device form [Herika clicks on Click on the your computer field, Herika clicks on Select computer, Herika clicks on Click on the version field]]
[Test worker] WARN net.thucydides.core.steps.BaseStepListener - stepStarted: net.thucydides.core.steps.ExecutedStepDescription@2998e047
[Test worker] WARN net.thucydides.core.steps.BaseStepListener - stepFinished: current outcome:Verify successful registration:Given User wants to register Utest page [Herika open utest [Herika opens the Utest page]], When User clicks Join Today button [Herika button join [Herika clicks on Click on the JoinToday button]], And User fills in form to create a user
| strFirstName | strLastName | strEmail | strLanguages | strCity | strPostalCode | strCreatePassword | strConfirmPassword |
| Tatiana | Pescador | tatiana.122@gmail.com | Spanish | Medellin | 179022 | Estranged*1031 | Estranged*1031 | [Herika fill form you [Herika clicks on Click on the name field, Herika enters 'Tatiana' into Enter the name, Herika clicks on Click on the lastname field, Herika enters 'Pescador' into Enter the lastname, Herika clicks on Click on the email field, Herika enters 'tatiana.122@gmail.com' into Enter the email, Herika clicks on Click on the month field, Herika clicks on Select the month, Herika clicks on Click on the day field, Herika clicks on Select the day, Herika clicks on Click on the year field, Herika clicks on Select the year, Herika clicks on Click on select language, Herika enters 'Spanish' into Select a language, Herika clicks on Click on button Next Location], Herika fill address form [Herika clicks on Click on the city field, Herika types 'CLEAR' in Write the name of the city, Herika enters 'Medellin' into Write the name of the city, Herika types 'ARROW_DOWN' in Write the name of the city, Herika types 'ENTER' in Write the name of the city, Herika clicks on Clickc on the zip code field, Herika enters '179022' into Write the postal number, Herika clicks on Click on the country field, Herika clicks on Select the country, Herika clicks on Click on the button Next Devices], Herika fill device form [Herika clicks on Click on the your computer field, Herika clicks on Select computer, Herika clicks on Click on the version field, Herika clicks on Select version]]
[Test worker] WARN net.thucydides.core.steps.BaseStepListener - stepStarted: net.thucydides.core.steps.ExecutedStepDescription@1b1c3c41
[Test worker] WARN net.thucydides.core.steps.BaseStepListener - stepFinished: current outcome:Verify successful registration:Given User wants to register Utest page [Herika open utest [Herika opens the Utest page]], When User clicks Join Today button [Herika button join [Herika clicks on Click on the JoinToday button]], And User fills in form to create a user
| strFirstName | strLastName | strEmail | strLanguages | strCity | strPostalCode | strCreatePassword | strConfirmPassword |
| Tatiana | Pescador | tatiana.122@gmail.com | Spanish | Medellin | 179022 | Estranged*1031 | Estranged*1031 | [Herika fill form you [Herika clicks on Click on the name field, Herika enters 'Tatiana' into Enter the name, Herika clicks on Click on the lastname field, Herika enters 'Pescador' into Enter the lastname, Herika clicks on Click on the email field, Herika enters 'tatiana.122@gmail.com' into Enter the email, Herika clicks on Click on the month field, Herika clicks on Select the month, Herika clicks on Click on the day field, Herika clicks on Select the day, Herika clicks on Click on the year field, Herika clicks on Select the year, Herika clicks on Click on select language, Herika enters 'Spanish' into Select a language, Herika clicks on Click on button Next Location], Herika fill address form [Herika clicks on Click on the city field, Herika types 'CLEAR' in Write the name of the city, Herika enters 'Medellin' into Write the name of the city, Herika types 'ARROW_DOWN' in Write the name of the city, Herika types 'ENTER' in Write the name of the city, Herika clicks on Clickc on the zip code field, Herika enters '179022' into Write the postal number, Herika clicks on Click on the country field, Herika clicks on Select the country, Herika clicks on Click on the button Next Devices], Herika fill device form [Herika clicks on Click on the your computer field, Herika clicks on Select computer, Herika clicks on Click on the version field, Herika clicks on Select version, Herika clicks on Click on the Language field]]
[Test worker] WARN net.thucydides.core.steps.BaseStepListener - stepStarted: net.thucydides.core.steps.ExecutedStepDescription@3a53a03c
[Test worker] WARN net.thucydides.core.steps.BaseStepListener - stepFinished: current outcome:Verify successful registration:Given User wants to register Utest page [Herika open utest [Herika opens the Utest page]], When User clicks Join Today button [Herika button join [Herika clicks on Click on the JoinToday button]], And User fills in form to create a user
| strFirstName | strLastName | strEmail | strLanguages | strCity | strPostalCode | strCreatePassword | strConfirmPassword |
| Tatiana | Pescador | tatiana.122@gmail.com | Spanish | Medellin | 179022 | Estranged*1031 | Estranged*1031 | [Herika fill form you [Herika clicks on Click on the name field, Herika enters 'Tatiana' into Enter the name, Herika clicks on Click on the lastname field, Herika enters 'Pescador' into Enter the lastname, Herika clicks on Click on the email field, Herika enters 'tatiana.122@gmail.com' into Enter the email, Herika clicks on Click on the month field, Herika clicks on Select the month, Herika clicks on Click on the day field, Herika clicks on Select the day, Herika clicks on Click on the year field, Herika clicks on Select the year, Herika clicks on Click on select language, Herika enters 'Spanish' into Select a language, Herika clicks on Click on button Next Location], Herika fill address form [Herika clicks on Click on the city field, Herika types 'CLEAR' in Write the name of the city, Herika enters 'Medellin' into Write the name of the city, Herika types 'ARROW_DOWN' in Write the name of the city, Herika types 'ENTER' in Write the name of the city, Herika clicks on Clickc on the zip code field, Herika enters '179022' into Write the postal number, Herika clicks on Click on the country field, Herika clicks on Select the country, Herika clicks on Click on the button Next Devices], Herika fill device form [Herika clicks on Click on the your computer field, Herika clicks on Select computer, Herika clicks on Click on the version field, Herika clicks on Select version, Herika clicks on Click on the Language field, Herika clicks on Select language]]
[Test worker] WARN net.thucydides.core.steps.BaseStepListener - stepStarted: net.thucydides.core.steps.ExecutedStepDescription@63bde5a6
[Test worker] WARN net.thucydides.core.steps.BaseStepListener - stepFinished: current outcome:Verify successful registration:Given User wants to register Utest page [Herika open utest [Herika opens the Utest page]], When User clicks Join Today button [Herika button join [Herika clicks on Click on the JoinToday button]], And User fills in form to create a user
| strFirstName | strLastName | strEmail | strLanguages | strCity | strPostalCode | strCreatePassword | strConfirmPassword |
| Tatiana | Pescador | tatiana.122@gmail.com | Spanish | Medellin | 179022 | Estranged*1031 | Estranged*1031 | [Herika fill form you [Herika clicks on Click on the name field, Herika enters 'Tatiana' into Enter the name, Herika clicks on Click on the lastname field, Herika enters 'Pescador' into Enter the lastname, Herika clicks on Click on the email field, Herika enters 'tatiana.122@gmail.com' into Enter the email, Herika clicks on Click on the month field, Herika clicks on Select the month, Herika clicks on Click on the day field, Herika clicks on Select the day, Herika clicks on Click on the year field, Herika clicks on Select the year, Herika clicks on Click on select language, Herika enters 'Spanish' into Select a language, Herika clicks on Click on button Next Location], Herika fill address form [Herika clicks on Click on the city field, Herika types 'CLEAR' in Write the name of the city, Herika enters 'Medellin' into Write the name of the city, Herika types 'ARROW_DOWN' in Write the name of the city, Herika types 'ENTER' in Write the name of the city, Herika clicks on Clickc on the zip code field, Herika enters '179022' into Write the postal number, Herika clicks on Click on the country field, Herika clicks on Select the country, Herika clicks on Click on the button Next Devices], Herika fill device form [Herika clicks on Click on the your computer field, Herika clicks on Select computer, Herika clicks on Click on the version field, Herika clicks on Select version, Herika clicks on Click on the Language field, Herika clicks on Select language, Herika clicks on Click on the your mobile device field]]
[Test worker] WARN net.thucydides.core.steps.BaseStepListener - stepStarted: net.thucydides.core.steps.ExecutedStepDescription@44b4a823
[Test worker] WARN net.thucydides.core.steps.BaseStepListener - stepFinished: current outcome:Verify successful registration:Given User wants to register Utest page [Herika open utest [Herika opens the Utest page]], When User clicks Join Today button [Herika button join [Herika clicks on Click on the JoinToday button]], And User fills in form to create a user
| strFirstName | strLastName | strEmail | strLanguages | strCity | strPostalCode | strCreatePassword | strConfirmPassword |
| Tatiana | Pescador | tatiana.122@gmail.com | Spanish | Medellin | 179022 | Estranged*1031 | Estranged*1031 | [Herika fill form you [Herika clicks on Click on the name field, Herika enters 'Tatiana' into Enter the name, Herika clicks on Click on the lastname field, Herika enters 'Pescador' into Enter the lastname, Herika clicks on Click on the email field, Herika enters 'tatiana.122@gmail.com' into Enter the email, Herika clicks on Click on the month field, Herika clicks on Select the month, Herika clicks on Click on the day field, Herika clicks on Select the day, Herika clicks on Click on the year field, Herika clicks on Select the year, Herika clicks on Click on select language, Herika enters 'Spanish' into Select a language, Herika clicks on Click on button Next Location], Herika fill address form [Herika clicks on Click on the city field, Herika types 'CLEAR' in Write the name of the city, Herika enters 'Medellin' into Write the name of the city, Herika types 'ARROW_DOWN' in Write the name of the city, Herika types 'ENTER' in Write the name of the city, Herika clicks on Clickc on the zip code field, Herika enters '179022' into Write the postal number, Herika clicks on Click on the country field, Herika clicks on Select the country, Herika clicks on Click on the button Next Devices], Herika fill device form [Herika clicks on Click on the your computer field, Herika clicks on Select computer, Herika clicks on Click on the version field, Herika clicks on Select version, Herika clicks on Click on the Language field, Herika clicks on Select language, Herika clicks on Click on the your mobile device field, Herika clicks on Select mobile device]]
[Test worker] WARN net.thucydides.core.steps.BaseStepListener - stepStarted: net.thucydides.core.steps.ExecutedStepDescription@4e2378fd
[Test worker] WARN net.thucydides.core.steps.BaseStepListener - stepFinished: current outcome:Verify successful registration:Given User wants to register Utest page [Herika open utest [Herika opens the Utest page]], When User clicks Join Today button [Herika button join [Herika clicks on Click on the JoinToday button]], And User fills in form to create a user
| strFirstName | strLastName | strEmail | strLanguages | strCity | strPostalCode | strCreatePassword | strConfirmPassword |
| Tatiana | Pescador | tatiana.122@gmail.com | Spanish | Medellin | 179022 | Estranged*1031 | Estranged*1031 | [Herika fill form you [Herika clicks on Click on the name field, Herika enters 'Tatiana' into Enter the name, Herika clicks on Click on the lastname field, Herika enters 'Pescador' into Enter the lastname, Herika clicks on Click on the email field, Herika enters 'tatiana.122@gmail.com' into Enter the email, Herika clicks on Click on the month field, Herika clicks on Select the month, Herika clicks on Click on the day field, Herika clicks on Select the day, Herika clicks on Click on the year field, Herika clicks on Select the year, Herika clicks on Click on select language, Herika enters 'Spanish' into Select a language, Herika clicks on Click on button Next Location], Herika fill address form [Herika clicks on Click on the city field, Herika types 'CLEAR' in Write the name of the city, Herika enters 'Medellin' into Write the name of the city, Herika types 'ARROW_DOWN' in Write the name of the city, Herika types 'ENTER' in Write the name of the city, Herika clicks on Clickc on the zip code field, Herika enters '179022' into Write the postal number, Herika clicks on Click on the country field, Herika clicks on Select the country, Herika clicks on Click on the button Next Devices], Herika fill device form [Herika clicks on Click on the your computer field, Herika clicks on Select computer, Herika clicks on Click on the version field, Herika clicks on Select version, Herika clicks on Click on the Language field, Herika clicks on Select language, Herika clicks on Click on the your mobile device field, Herika clicks on Select mobile device, Herika clicks on Click on the model field]]
[Test worker] WARN net.thucydides.core.steps.BaseStepListener - stepStarted: net.thucydides.core.steps.ExecutedStepDescription@403842b8
[Test worker] WARN net.thucydides.core.steps.BaseStepListener - stepFinished: current outcome:Verify successful registration:Given User wants to register Utest page [Herika open utest [Herika opens the Utest page]], When User clicks Join Today button [Herika button join [Herika clicks on Click on the JoinToday button]], And User fills in form to create a user
| strFirstName | strLastName | strEmail | strLanguages | strCity | strPostalCode | strCreatePassword | strConfirmPassword |
| Tatiana | Pescador | tatiana.122@gmail.com | Spanish | Medellin | 179022 | Estranged*1031 | Estranged*1031 | [Herika fill form you [Herika clicks on Click on the name field, Herika enters 'Tatiana' into Enter the name, Herika clicks on Click on the lastname field, Herika enters 'Pescador' into Enter the lastname, Herika clicks on Click on the email field, Herika enters 'tatiana.122@gmail.com' into Enter the email, Herika clicks on Click on the month field, Herika clicks on Select the month, Herika clicks on Click on the day field, Herika clicks on Select the day, Herika clicks on Click on the year field, Herika clicks on Select the year, Herika clicks on Click on select language, Herika enters 'Spanish' into Select a language, Herika clicks on Click on button Next Location], Herika fill address form [Herika clicks on Click on the city field, Herika types 'CLEAR' in Write the name of the city, Herika enters 'Medellin' into Write the name of the city, Herika types 'ARROW_DOWN' in Write the name of the city, Herika types 'ENTER' in Write the name of the city, Herika clicks on Clickc on the zip code field, Herika enters '179022' into Write the postal number, Herika clicks on Click on the country field, Herika clicks on Select the country, Herika clicks on Click on the button Next Devices], Herika fill device form [Herika clicks on Click on the your computer field, Herika clicks on Select computer, Herika clicks on Click on the version field, Herika clicks on Select version, Herika clicks on Click on the Language field, Herika clicks on Select language, Herika clicks on Click on the your mobile device field, Herika clicks on Select mobile device, Herika clicks on Click on the model field, Herika clicks on Select model]]
[Test worker] WARN net.thucydides.core.steps.BaseStepListener - stepStarted: net.thucydides.core.steps.ExecutedStepDescription@30b44ccb
[Test worker] WARN net.thucydides.core.steps.BaseStepListener - stepFinished: current outcome:Verify successful registration:Given User wants to register Utest page [Herika open utest [Herika opens the Utest page]], When User clicks Join Today button [Herika button join [Herika clicks on Click on the JoinToday button]], And User fills in form to create a user
| strFirstName | strLastName | strEmail | strLanguages | strCity | strPostalCode | strCreatePassword | strConfirmPassword |
| Tatiana | Pescador | tatiana.122@gmail.com | Spanish | Medellin | 179022 | Estranged*1031 | Estranged*1031 | [Herika fill form you [Herika clicks on Click on the name field, Herika enters 'Tatiana' into Enter the name, Herika clicks on Click on the lastname field, Herika enters 'Pescador' into Enter the lastname, Herika clicks on Click on the email field, Herika enters 'tatiana.122@gmail.com' into Enter the email, Herika clicks on Click on the month field, Herika clicks on Select the month, Herika clicks on Click on the day field, Herika clicks on Select the day, Herika clicks on Click on the year field, Herika clicks on Select the year, Herika clicks on Click on select language, Herika enters 'Spanish' into Select a language, Herika clicks on Click on button Next Location], Herika fill address form [Herika clicks on Click on the city field, Herika types 'CLEAR' in Write the name of the city, Herika enters 'Medellin' into Write the name of the city, Herika types 'ARROW_DOWN' in Write the name of the city, Herika types 'ENTER' in Write the name of the city, Herika clicks on Clickc on the zip code field, Herika enters '179022' into Write the postal number, Herika clicks on Click on the country field, Herika clicks on Select the country, Herika clicks on Click on the button Next Devices], Herika fill device form [Herika clicks on Click on the your computer field, Herika clicks on Select computer, Herika clicks on Click on the version field, Herika clicks on Select version, Herika clicks on Click on the Language field, Herika clicks on Select language, Herika clicks on Click on the your mobile device field, Herika clicks on Select mobile device, Herika clicks on Click on the model field, Herika clicks on Select model, Herika clicks on Click on the operating system field]]
[Test worker] WARN net.thucydides.core.steps.BaseStepListener - stepStarted: net.thucydides.core.steps.ExecutedStepDescription@312f74df
[Test worker] WARN net.thucydides.core.steps.BaseStepListener - stepFinished: current outcome:Verify successful registration:Given User wants to register Utest page [Herika open utest [Herika opens the Utest page]], When User clicks Join Today button [Herika button join [Herika clicks on Click on the JoinToday button]], And User fills in form to create a user
| strFirstName | strLastName | strEmail | strLanguages | strCity | strPostalCode | strCreatePassword | strConfirmPassword |
| Tatiana | Pescador | tatiana.122@gmail.com | Spanish | Medellin | 179022 | Estranged*1031 | Estranged*1031 | [Herika fill form you [Herika clicks on Click on the name field, Herika enters 'Tatiana' into Enter the name, Herika clicks on Click on the lastname field, Herika enters 'Pescador' into Enter the lastname, Herika clicks on Click on the email field, Herika enters 'tatiana.122@gmail.com' into Enter the email, Herika clicks on Click on the month field, Herika clicks on Select the month, Herika clicks on Click on the day field, Herika clicks on Select the day, Herika clicks on Click on the year field, Herika clicks on Select the year, Herika clicks on Click on select language, Herika enters 'Spanish' into Select a language, Herika clicks on Click on button Next Location], Herika fill address form [Herika clicks on Click on the city field, Herika types 'CLEAR' in Write the name of the city, Herika enters 'Medellin' into Write the name of the city, Herika types 'ARROW_DOWN' in Write the name of the city, Herika types 'ENTER' in Write the name of the city, Herika clicks on Clickc on the zip code field, Herika enters '179022' into Write the postal number, Herika clicks on Click on the country field, Herika clicks on Select the country, Herika clicks on Click on the button Next Devices], Herika fill device form [Herika clicks on Click on the your computer field, Herika clicks on Select computer, Herika clicks on Click on the version field, Herika clicks on Select version, Herika clicks on Click on the Language field, Herika clicks on Select language, Herika clicks on Click on the your mobile device field, Herika clicks on Select mobile device, Herika clicks on Click on the model field, Herika clicks on Select model, Herika clicks on Click on the operating system field, Herika clicks on Select operating system]]
[Test worker] WARN net.thucydides.core.steps.BaseStepListener - stepStarted: net.thucydides.core.steps.ExecutedStepDescription@4128707d
[Test worker] WARN net.thucydides.core.steps.BaseStepListener - stepFinished: current outcome:Verify successful registration:Given User wants to register Utest page [Herika open utest [Herika opens the Utest page]], When User clicks Join Today button [Herika button join [Herika clicks on Click on the JoinToday button]], And User fills in form to create a user
| strFirstName | strLastName | strEmail | strLanguages | strCity | strPostalCode | strCreatePassword | strConfirmPassword |
| Tatiana | Pescador | tatiana.122@gmail.com | Spanish | Medellin | 179022 | Estranged*1031 | Estranged*1031 | [Herika fill form you [Herika clicks on Click on the name field, Herika enters 'Tatiana' into Enter the name, Herika clicks on Click on the lastname field, Herika enters 'Pescador' into Enter the lastname, Herika clicks on Click on the email field, Herika enters 'tatiana.122@gmail.com' into Enter the email, Herika clicks on Click on the month field, Herika clicks on Select the month, Herika clicks on Click on the day field, Herika clicks on Select the day, Herika clicks on Click on the year field, Herika clicks on Select the year, Herika clicks on Click on select language, Herika enters 'Spanish' into Select a language, Herika clicks on Click on button Next Location], Herika fill address form [Herika clicks on Click on the city field, Herika types 'CLEAR' in Write the name of the city, Herika enters 'Medellin' into Write the name of the city, Herika types 'ARROW_DOWN' in Write the name of the city, Herika types 'ENTER' in Write the name of the city, Herika clicks on Clickc on the zip code field, Herika enters '179022' into Write the postal number, Herika clicks on Click on the country field, Herika clicks on Select the country, Herika clicks on Click on the button Next Devices], Herika fill device form [Herika clicks on Click on the your computer field, Herika clicks on Select computer, Herika clicks on Click on the version field, Herika clicks on Select version, Herika clicks on Click on the Language field, Herika clicks on Select language, Herika clicks on Click on the your mobile device field, Herika clicks on Select mobile device, Herika clicks on Click on the model field, Herika clicks on Select model, Herika clicks on Click on the operating system field, Herika clicks on Select operating system, Herika clicks on Click on the button Next Last Step]]
[Test worker] WARN net.thucydides.core.steps.BaseStepListener - stepFinished: current outcome:Verify successful registration:Given User wants to register Utest page [Herika open utest [Herika opens the Utest page]], When User clicks Join Today button [Herika button join [Herika clicks on Click on the JoinToday button]], And User fills in form to create a user
| strFirstName | strLastName | strEmail | strLanguages | strCity | strPostalCode | strCreatePassword | strConfirmPassword |
| Tatiana | Pescador | tatiana.122@gmail.com | Spanish | Medellin | 179022 | Estranged*1031 | Estranged*1031 | [Herika fill form you [Herika clicks on Click on the name field, Herika enters 'Tatiana' into Enter the name, Herika clicks on Click on the lastname field, Herika enters 'Pescador' into Enter the lastname, Herika clicks on Click on the email field, Herika enters 'tatiana.122@gmail.com' into Enter the email, Herika clicks on Click on the month field, Herika clicks on Select the month, Herika clicks on Click on the day field, Herika clicks on Select the day, Herika clicks on Click on the year field, Herika clicks on Select the year, Herika clicks on Click on select language, Herika enters 'Spanish' into Select a language, Herika clicks on Click on button Next Location], Herika fill address form [Herika clicks on Click on the city field, Herika types 'CLEAR' in Write the name of the city, Herika enters 'Medellin' into Write the name of the city, Herika types 'ARROW_DOWN' in Write the name of the city, Herika types 'ENTER' in Write the name of the city, Herika clicks on Clickc on the zip code field, Herika enters '179022' into Write the postal number, Herika clicks on Click on the country field, Herika clicks on Select the country, Herika clicks on Click on the button Next Devices], Herika fill device form [Herika clicks on Click on the your computer field, Herika clicks on Select computer, Herika clicks on Click on the version field, Herika clicks on Select version, Herika clicks on Click on the Language field, Herika clicks on Select language, Herika clicks on Click on the your mobile device field, Herika clicks on Select mobile device, Herika clicks on Click on the model field, Herika clicks on Select model, Herika clicks on Click on the operating system field, Herika clicks on Select operating system, Herika clicks on Click on the button Next Last Step]]
[Test worker] WARN net.thucydides.core.steps.BaseStepListener - stepStarted: net.thucydides.core.steps.ExecutedStepDescription@7839016f
[Test worker] WARN net.thucydides.core.steps.BaseStepListener - stepStarted: net.thucydides.core.steps.ExecutedStepDescription@56e8e325
[Test worker] WARN net.thucydides.core.steps.BaseStepListener - stepFinished: current outcome:Verify successful registration:Given User wants to register Utest page [Herika open utest [Herika opens the Utest page]], When User clicks Join Today button [Herika button join [Herika clicks on Click on the JoinToday button]], And User fills in form to create a user
| strFirstName | strLastName | strEmail | strLanguages | strCity | strPostalCode | strCreatePassword | strConfirmPassword |
| Tatiana | Pescador | tatiana.122@gmail.com | Spanish | Medellin | 179022 | Estranged*1031 | Estranged*1031 | [Herika fill form you [Herika clicks on Click on the name field, Herika enters 'Tatiana' into Enter the name, Herika clicks on Click on the lastname field, Herika enters 'Pescador' into Enter the lastname, Herika clicks on Click on the email field, Herika enters 'tatiana.122@gmail.com' into Enter the email, Herika clicks on Click on the month field, Herika clicks on Select the month, Herika clicks on Click on the day field, Herika clicks on Select the day, Herika clicks on Click on the year field, Herika clicks on Select the year, Herika clicks on Click on select language, Herika enters 'Spanish' into Select a language, Herika clicks on Click on button Next Location], Herika fill address form [Herika clicks on Click on the city field, Herika types 'CLEAR' in Write the name of the city, Herika enters 'Medellin' into Write the name of the city, Herika types 'ARROW_DOWN' in Write the name of the city, Herika types 'ENTER' in Write the name of the city, Herika clicks on Clickc on the zip code field, Herika enters '179022' into Write the postal number, Herika clicks on Click on the country field, Herika clicks on Select the country, Herika clicks on Click on the button Next Devices], Herika fill device form [Herika clicks on Click on the your computer field, Herika clicks on Select computer, Herika clicks on Click on the version field, Herika clicks on Select version, Herika clicks on Click on the Language field, Herika clicks on Select language, Herika clicks on Click on the your mobile device field, Herika clicks on Select mobile device, Herika clicks on Click on the model field, Herika clicks on Select model, Herika clicks on Click on the operating system field, Herika clicks on Select operating system, Herika clicks on Click on the button Next Last Step], Herika fill last data [Herika clicks on Click on the create password field]]
[Test worker] WARN net.thucydides.core.steps.BaseStepListener - stepStarted: net.thucydides.core.steps.ExecutedStepDescription@595230c9
[Test worker] WARN net.thucydides.core.steps.BaseStepListener - stepFinished: current outcome:Verify successful registration:Given User wants to register Utest page [Herika open utest [Herika opens the Utest page]], When User clicks Join Today button [Herika button join [Herika clicks on Click on the JoinToday button]], And User fills in form to create a user
| strFirstName | strLastName | strEmail | strLanguages | strCity | strPostalCode | strCreatePassword | strConfirmPassword |
| Tatiana | Pescador | tatiana.122@gmail.com | Spanish | Medellin | 179022 | Estranged*1031 | Estranged*1031 | [Herika fill form you [Herika clicks on Click on the name field, Herika enters 'Tatiana' into Enter the name, Herika clicks on Click on the lastname field, Herika enters 'Pescador' into Enter the lastname, Herika clicks on Click on the email field, Herika enters 'tatiana.122@gmail.com' into Enter the email, Herika clicks on Click on the month field, Herika clicks on Select the month, Herika clicks on Click on the day field, Herika clicks on Select the day, Herika clicks on Click on the year field, Herika clicks on Select the year, Herika clicks on Click on select language, Herika enters 'Spanish' into Select a language, Herika clicks on Click on button Next Location], Herika fill address form [Herika clicks on Click on the city field, Herika types 'CLEAR' in Write the name of the city, Herika enters 'Medellin' into Write the name of the city, Herika types 'ARROW_DOWN' in Write the name of the city, Herika types 'ENTER' in Write the name of the city, Herika clicks on Clickc on the zip code field, Herika enters '179022' into Write the postal number, Herika clicks on Click on the country field, Herika clicks on Select the country, Herika clicks on Click on the button Next Devices], Herika fill device form [Herika clicks on Click on the your computer field, Herika clicks on Select computer, Herika clicks on Click on the version field, Herika clicks on Select version, Herika clicks on Click on the Language field, Herika clicks on Select language, Herika clicks on Click on the your mobile device field, Herika clicks on Select mobile device, Herika clicks on Click on the model field, Herika clicks on Select model, Herika clicks on Click on the operating system field, Herika clicks on Select operating system, Herika clicks on Click on the button Next Last Step], Herika fill last data [Herika clicks on Click on the create password field, Herika enters 'Estranged*1031' into Write password]]
[Test worker] WARN net.thucydides.core.steps.BaseStepListener - stepStarted: net.thucydides.core.steps.ExecutedStepDescription@5f8dba01
[Test worker] WARN net.thucydides.core.steps.BaseStepListener - stepFinished: current outcome:Verify successful registration:Given User wants to register Utest page [Herika open utest [Herika opens the Utest page]], When User clicks Join Today button [Herika button join [Herika clicks on Click on the JoinToday button]], And User fills in form to create a user
| strFirstName | strLastName | strEmail | strLanguages | strCity | strPostalCode | strCreatePassword | strConfirmPassword |
[...]
[Test worker] WARN net.thucydides.core.steps.BaseStepListener - stepFinished: current outcome:Verify successful registration:Given User wants to register Utest page [Herika open utest [Herika opens the Utest page]], When User clicks Join Today button [Herika button join [Herika clicks on Click on the JoinToday button]], And User fills in form to create a user
| strFirstName | strLastName | strEmail | strLanguages | strCity | strPostalCode | strCreatePassword | strConfirmPassword |
| Tatiana | Pescador | tatiana.122@gmail.com | Spanish | Medellin | 179022 | Estranged*1031 | Estranged*1031 | [Herika fill form you [Herika clicks on Click on the name field, Herika enters 'Tatiana' into Enter the name, Herika clicks on Click on the lastname field, Herika enters 'Pescador' into Enter the lastname, Herika clicks on Click on the email field, Herika enters 'tatiana.122@gmail.com' into Enter the email, Herika clicks on Click on the month field, Herika clicks on Select the month, Herika clicks on Click on the day field, Herika clicks on Select the day, Herika clicks on Click on the year field, Herika clicks on Select the year, Herika clicks on Click on select language, Herika enters 'Spanish' into Select a language, Herika clicks on Click on button Next Location], Herika fill address form [Herika clicks on Click on the city field, Herika types 'CLEAR' in Write the name of the city, Herika enters 'Medellin' into Write the name of the city, Herika types 'ARROW_DOWN' in Write the name of the city, Herika types 'ENTER' in Write the name of the city, Herika clicks on Clickc on the zip code field, Herika enters '179022' into Write the postal number, Herika clicks on Click on the country field, Herika clicks on Select the country, Herika clicks on Click on the button Next Devices], Herika fill device form [Herika clicks on Click on the your computer field, Herika clicks on Select computer, Herika clicks on Click on the version field, Herika clicks on Select version, Herika clicks on Click on the Language field, Herika clicks on Select language, Herika clicks on Click on the your mobile device field, Herika clicks on Select mobile device, Herika clicks on Click on the model field, Herika clicks on Select model, Herika clicks on Click on the operating system field, Herika clicks on Select operating system, Herika clicks on Click on the button Next Last Step], Herika fill last data [Herika clicks on Click on the create password field, Herika enters 'Estranged*1031' into Write password, Herika clicks on Click on the confirm password field, Herika enters 'Estranged*1031' into Retype password, Herika clicks on Click accept user terms, Herika clicks on Click accept privacy and security policies, Herika clicks on Click on the button Complete Setup]]
[Test worker] WARN net.thucydides.core.steps.BaseStepListener - stepStarted: net.thucydides.core.steps.ExecutedStepDescription@39d59350
[Test worker] WARN net.thucydides.core.steps.BaseStepListener - stepStarted: net.thucydides.core.steps.ExecutedStepDescription@4ed0070
[Test worker] WARN net.thucydides.core.steps.BaseStepListener - stepFinished: current outcome:Verify successful registration:Given User wants to register Utest page [Herika open utest [Herika opens the Utest page]], When User clicks Join Today button [Herika button join [Herika clicks on Click on the JoinToday button]], And User fills in form to create a user
| strFirstName | strLastName | strEmail | strLanguages | strCity | strPostalCode | strCreatePassword | strConfirmPassword |
| Tatiana | Pescador | tatiana.122@gmail.com | Spanish | Medellin | 179022 | Estranged*1031 | Estranged*1031 | [Herika fill form you [Herika clicks on Click on the name field, Herika enters 'Tatiana' into Enter the name, Herika clicks on Click on the lastname field, Herika enters 'Pescador' into Enter the lastname, Herika clicks on Click on the email field, Herika enters 'tatiana.122@gmail.com' into Enter the email, Herika clicks on Click on the month field, Herika clicks on Select the month, Herika clicks on Click on the day field, Herika clicks on Select the day, Herika clicks on Click on the year field, Herika clicks on Select the year, Herika clicks on Click on select language, Herika enters 'Spanish' into Select a language, Herika clicks on Click on button Next Location], Herika fill address form [Herika clicks on Click on the city field, Herika types 'CLEAR' in Write the name of the city, Herika enters 'Medellin' into Write the name of the city, Herika types 'ARROW_DOWN' in Write the name of the city, Herika types 'ENTER' in Write the name of the city, Herika clicks on Clickc on the zip code field, Herika enters '179022' into Write the postal number, Herika clicks on Click on the country field, Herika clicks on Select the country, Herika clicks on Click on the button Next Devices], Herika fill device form [Herika clicks on Click on the your computer field, Herika clicks on Select computer, Herika clicks on Click on the version field, Herika clicks on Select version, Herika clicks on Click on the Language field, Herika clicks on Select language, Herika clicks on Click on the your mobile device field, Herika clicks on Select mobile device, Herika clicks on Click on the model field, Herika clicks on Select model, Herika clicks on Click on the operating system field, Herika clicks on Select operating system, Herika clicks on Click on the button Next Last Step], Herika fill last data [Herika clicks on Click on the create password field, Herika enters 'Estranged*1031' into Write password, Herika clicks on Click on the confirm password field, Herika enters 'Estranged*1031' into Retype password, Herika clicks on Click accept user terms, Herika clicks on Click accept privacy and security policies, Herika clicks on Click on the button Complete Setup]], Then User verifies successful registration
| strVerifySuccessfulRegistration |
| The last step | [Then answer]
[Test worker] WARN net.thucydides.core.steps.BaseStepListener - stepFinished: current outcome:Verify successful registration:Given User wants to register Utest page [Herika open utest [Herika opens the Utest page]], When User clicks Join Today button [Herika button join [Herika clicks on Click on the JoinToday button]], And User fills in form to create a user
| strFirstName | strLastName | strEmail | strLanguages | strCity | strPostalCode | strCreatePassword | strConfirmPassword |
| Tatiana | Pescador | tatiana.122@gmail.com | Spanish | Medellin | 179022 | Estranged*1031 | Estranged*1031 | [Herika fill form you [Herika clicks on Click on the name field, Herika enters 'Tatiana' into Enter the name, Herika clicks on Click on the lastname field, Herika enters 'Pescador' into Enter the lastname, Herika clicks on Click on the email field, Herika enters 'tatiana.122@gmail.com' into Enter the email, Herika clicks on Click on the month field, Herika clicks on Select the month, Herika clicks on Click on the day field, Herika clicks on Select the day, Herika clicks on Click on the year field, Herika clicks on Select the year, Herika clicks on Click on select language, Herika enters 'Spanish' into Select a language, Herika clicks on Click on button Next Location], Herika fill address form [Herika clicks on Click on the city field, Herika types 'CLEAR' in Write the name of the city, Herika enters 'Medellin' into Write the name of the city, Herika types 'ARROW_DOWN' in Write the name of the city, Herika types 'ENTER' in Write the name of the city, Herika clicks on Clickc on the zip code field, Herika enters '179022' into Write the postal number, Herika clicks on Click on the country field, Herika clicks on Select the country, Herika clicks on Click on the button Next Devices], Herika fill device form [Herika clicks on Click on the your computer field, Herika clicks on Select computer, Herika clicks on Click on the version field, Herika clicks on Select version, Herika clicks on Click on the Language field, Herika clicks on Select language, Herika clicks on Click on the your mobile device field, Herika clicks on Select mobile device, Herika clicks on Click on the model field, Herika clicks on Select model, Herika clicks on Click on the operating system field, Herika clicks on Select operating system, Herika clicks on Click on the button Next Last Step], Herika fill last data [Herika clicks on Click on the create password field, Herika enters 'Estranged*1031' into Write password, Herika clicks on Click on the confirm password field, Herika enters 'Estranged*1031' into Retype password, Herika clicks on Click accept user terms, Herika clicks on Click accept privacy and security policies, Herika clicks on Click on the button Complete Setup]], Then User verifies successful registration
| strVerifySuccessfulRegistration |
| The last step | [Then answer]
[Test worker] WARN net.thucydides.core.steps.BaseStepListener - testFinished: Verify successful registration:Given User wants to register Utest page [Herika open utest [Herika opens the Utest page]], When User clicks Join Today button [Herika button join [Herika clicks on Click on the JoinToday button]], And User fills in form to create a user
| strFirstName | strLastName | strEmail | strLanguages | strCity | strPostalCode | strCreatePassword | strConfirmPassword |
| Tatiana | Pescador | tatiana.122@gmail.com | Spanish | Medellin | 179022 | Estranged*1031 | Estranged*1031 | [Herika fill form you [Herika clicks on Click on the name field, Herika enters 'Tatiana' into Enter the name, Herika clicks on Click on the lastname field, Herika enters 'Pescador' into Enter the lastname, Herika clicks on Click on the email field, Herika enters 'tatiana.122@gmail.com' into Enter the email, Herika clicks on Click on the month field, Herika clicks on Select the month, Herika clicks on Click on the day field, Herika clicks on Select the day, Herika clicks on Click on the year field, Herika clicks on Select the year, Herika clicks on Click on select language, Herika enters 'Spanish' into Select a language, Herika clicks on Click on button Next Location], Herika fill address form [Herika clicks on Click on the city field, Herika types 'CLEAR' in Write the name of the city, Herika enters 'Medellin' into Write the name of the city, Herika types 'ARROW_DOWN' in Write the name of the city, Herika types 'ENTER' in Write the name of the city, Herika clicks on Clickc on the zip code field, Herika enters '179022' into Write the postal number, Herika clicks on Click on the country field, Herika clicks on Select the country, Herika clicks on Click on the button Next Devices], Herika fill device form [Herika clicks on Click on the your computer field, Herika clicks on Select computer, Herika clicks on Click on the version field, Herika clicks on Select version, Herika clicks on Click on the Language field, Herika clicks on Select language, Herika clicks on Click on the your mobile device field, Herika clicks on Select mobile device, Herika clicks on Click on the model field, Herika clicks on Select model, Herika clicks on Click on the operating system field, Herika clicks on Select operating system, Herika clicks on Click on the button Next Last Step], Herika fill last data [Herika clicks on Click on the create password field, Herika enters 'Estranged*1031' into Write password, Herika clicks on Click on the confirm password field, Herika enters 'Estranged*1031' into Retype password, Herika clicks on Click accept user terms, Herika clicks on Click accept privacy and security policies, Herika clicks on Click on the button Complete Setup]], Then User verifies successful registration
| strVerifySuccessfulRegistration |
| The last step | [Then answer]
[Test worker] WARN net.thucydides.core.steps.BaseStepListener - TestOutcomes: [Verify successful registration:Given User wants to register Utest page [Herika open utest [Herika opens the Utest page]], When User clicks Join Today button [Herika button join [Herika clicks on Click on the JoinToday button]], And User fills in form to create a user
| strFirstName | strLastName | strEmail | strLanguages | strCity | strPostalCode | strCreatePassword | strConfirmPassword |
| Tatiana | Pescador | tatiana.122@gmail.com | Spanish | Medellin | 179022 | Estranged*1031 | Estranged*1031 | [Herika fill form you [Herika clicks on Click on the name field, Herika enters 'Tatiana' into Enter the name, Herika clicks on Click on the lastname field, Herika enters 'Pescador' into Enter the lastname, Herika clicks on Click on the email field, Herika enters 'tatiana.122@gmail.com' into Enter the email, Herika clicks on Click on the month field, Herika clicks on Select the month, Herika clicks on Click on the day field, Herika clicks on Select the day, Herika clicks on Click on the year field, Herika clicks on Select the year, Herika clicks on Click on select language, Herika enters 'Spanish' into Select a language, Herika clicks on Click on button Next Location], Herika fill address form [Herika clicks on Click on the city field, Herika types 'CLEAR' in Write the name of the city, Herika enters 'Medellin' into Write the name of the city, Herika types 'ARROW_DOWN' in Write the name of the city, Herika types 'ENTER' in Write the name of the city, Herika clicks on Clickc on the zip code field, Herika enters '179022' into Write the postal number, Herika clicks on Click on the country field, Herika clicks on Select the country, Herika clicks on Click on the button Next Devices], Herika fill device form [Herika clicks on Click on the your computer field, Herika clicks on Select computer, Herika clicks on Click on the version field, Herika clicks on Select version, Herika clicks on Click on the Language field, Herika clicks on Select language, Herika clicks on Click on the your mobile device field, Herika clicks on Select mobile device, Herika clicks on Click on the model field, Herika clicks on Select model, Herika clicks on Click on the operating system field, Herika clicks on Select operating system, Herika clicks on Click on the button Next Last Step], Herika fill last data [Herika clicks on Click on the create password field, Herika enters 'Estranged*1031' into Write password, Herika clicks on Click on the confirm password field, Herika enters 'Estranged*1031' into Retype password, Herika clicks on Click accept user terms, Herika clicks on Click accept privacy and security policies, Herika clicks on Click on the button Complete Setup]], Then User verifies successful registration
| strVerifySuccessfulRegistration |
| The last step | [Then answer]]
[Test worker] WARN net.thucydides.core.steps.BaseStepListener - Final testOutcomes: [Verify successful registration:Given User wants to register Utest page [Herika open utest [Herika opens the Utest page]], When User clicks Join Today button [Herika button join [Herika clicks on Click on the JoinToday button]], And User fills in form to create a user
| strFirstName | strLastName | strEmail | strLanguages | strCity | strPostalCode | strCreatePassword | strConfirmPassword |
| Tatiana | Pescador | tatiana.122@gmail.com | Spanish | Medellin | 179022 | Estranged*1031 | Estranged*1031 | [Herika fill form you [Herika clicks on Click on the name field, Herika enters 'Tatiana' into Enter the name, Herika clicks on Click on the lastname field, Herika enters 'Pescador' into Enter the lastname, Herika clicks on Click on the email field, Herika enters 'tatiana.122@gmail.com' into Enter the email, Herika clicks on Click on the month field, Herika clicks on Select the month, Herika clicks on Click on the day field, Herika clicks on Select the day, Herika clicks on Click on the year field, Herika clicks on Select the year, Herika clicks on Click on select language, Herika enters 'Spanish' into Select a language, Herika clicks on Click on button Next Location], Herika fill address form [Herika clicks on Click on the city field, Herika types 'CLEAR' in Write the name of the city, Herika enters 'Medellin' into Write the name of the city, Herika types 'ARROW_DOWN' in Write the name of the city, Herika types 'ENTER' in Write the name of the city, Herika clicks on Clickc on the zip code field, Herika enters '179022' into Write the postal number, Herika clicks on Click on the country field, Herika clicks on Select the country, Herika clicks on Click on the button Next Devices], Herika fill device form [Herika clicks on Click on the your computer field, Herika clicks on Select computer, Herika clicks on Click on the version field, Herika clicks on Select version, Herika clicks on Click on the Language field, Herika clicks on Select language, Herika clicks on Click on the your mobile device field, Herika clicks on Select mobile device, Herika clicks on Click on the model field, Herika clicks on Select model, Herika clicks on Click on the operating system field, Herika clicks on Select operating system, Herika clicks on Click on the button Next Last Step], Herika fill last data [Herika clicks on Click on the create password field, Herika enters 'Estranged*1031' into Write password, Herika clicks on Click on the confirm password field, Herika enters 'Estranged*1031' into Retype password, Herika clicks on Click accept user terms, Herika clicks on Click accept privacy and security policies, Herika clicks on Click on the button Complete Setup]], Then User verifies successful registration
| strVerifySuccessfulRegistration |
| The last step | [Then answer]]
[Test worker] INFO net.thucydides.core.steps.ConsoleLoggingListener - 
        __    _____ _____ ____ _____   ____   _    ____  ____  _____ ____  
  _     \ \  |_   _| ____/ ___|_   _| |  _ \ / \  / ___|/ ___|| ____|  _ \ 
 (_)_____| |   | | |  _| \___ \ | |   | |_) / _ \ \___ \\___ \|  _| | | | |
  _|_____| |   | | | |___ ___) || |   |  __/ ___ \ ___) |___) | |___| |_| |
 (_)     | |   |_| |_____|____/ |_|   |_| /_/   \_\____/|____/|_____|____/ 
        /_/                                                                

TEST PASSED: Verify successful registration
----------------------------------------------------------------------------
]]></system-err>
</testsuite>
